  main.cpp
C:\Users\i852573\Documents\Colling\Facul\CG\TGA\main.cpp(232,20): warning C4018:  '<': signed/unsigned mismatch
C:\Users\i852573\Documents\Colling\Facul\CG\TGA\main.cpp(240,20): warning C4018:  '<': signed/unsigned mismatch
C:\Users\i852573\Documents\Colling\Facul\CG\TGA\main.cpp(261,20): warning C4018:  '<': signed/unsigned mismatch
C:\Users\i852573\Documents\Colling\Facul\CG\TGA\main.cpp(267,21): warning C4018:  '<': signed/unsigned mismatch
C:\Users\i852573\Documents\Colling\Facul\CG\TGA\main.cpp(276,20): warning C4018:  '<': signed/unsigned mismatch
C:\Users\i852573\Documents\Colling\Facul\CG\TGA\main.cpp(281,21): warning C4018:  '<': signed/unsigned mismatch
C:\Users\i852573\Documents\Colling\Facul\CG\TGA\main.cpp(283,22): warning C4018:  '<': signed/unsigned mismatch
C:\Users\i852573\Documents\Colling\Facul\CG\TGA\main.cpp(292,23): warning C4018:  '<': signed/unsigned mismatch
C:\Users\i852573\Documents\Colling\Facul\CG\TGA\main.cpp(373,20): warning C4018:  '<': signed/unsigned mismatch
C:\Users\i852573\Documents\Colling\Facul\CG\TGA\main.cpp(393,21): warning C4018:  '<': signed/unsigned mismatch
C:\Users\i852573\Documents\Colling\Facul\CG\TGA\main.cpp(407,22): warning C4018:  '<': signed/unsigned mismatch
glfw3.lib(context.obj) : warning LNK4099: PDB 'glfw.pdb' was not found with 'glfw3.lib(context.obj)' or at 'C:\Users\i852573\Documents\Colling\Facul\CG\TGA\Debug\glfw.pdb'; linking object as if no debug info
glfw3.lib(init.obj) : warning LNK4099: PDB 'glfw.pdb' was not found with 'glfw3.lib(init.obj)' or at 'C:\Users\i852573\Documents\Colling\Facul\CG\TGA\Debug\glfw.pdb'; linking object as if no debug info
glfw3.lib(input.obj) : warning LNK4099: PDB 'glfw.pdb' was not found with 'glfw3.lib(input.obj)' or at 'C:\Users\i852573\Documents\Colling\Facul\CG\TGA\Debug\glfw.pdb'; linking object as if no debug info
glfw3.lib(monitor.obj) : warning LNK4099: PDB 'glfw.pdb' was not found with 'glfw3.lib(monitor.obj)' or at 'C:\Users\i852573\Documents\Colling\Facul\CG\TGA\Debug\glfw.pdb'; linking object as if no debug info
glfw3.lib(window.obj) : warning LNK4099: PDB 'glfw.pdb' was not found with 'glfw3.lib(window.obj)' or at 'C:\Users\i852573\Documents\Colling\Facul\CG\TGA\Debug\glfw.pdb'; linking object as if no debug info
glfw3.lib(win32_init.obj) : warning LNK4099: PDB 'glfw.pdb' was not found with 'glfw3.lib(win32_init.obj)' or at 'C:\Users\i852573\Documents\Colling\Facul\CG\TGA\Debug\glfw.pdb'; linking object as if no debug info
glfw3.lib(win32_monitor.obj) : warning LNK4099: PDB 'glfw.pdb' was not found with 'glfw3.lib(win32_monitor.obj)' or at 'C:\Users\i852573\Documents\Colling\Facul\CG\TGA\Debug\glfw.pdb'; linking object as if no debug info
glfw3.lib(win32_time.obj) : warning LNK4099: PDB 'glfw.pdb' was not found with 'glfw3.lib(win32_time.obj)' or at 'C:\Users\i852573\Documents\Colling\Facul\CG\TGA\Debug\glfw.pdb'; linking object as if no debug info
glfw3.lib(win32_tls.obj) : warning LNK4099: PDB 'glfw.pdb' was not found with 'glfw3.lib(win32_tls.obj)' or at 'C:\Users\i852573\Documents\Colling\Facul\CG\TGA\Debug\glfw.pdb'; linking object as if no debug info
glfw3.lib(win32_window.obj) : warning LNK4099: PDB 'glfw.pdb' was not found with 'glfw3.lib(win32_window.obj)' or at 'C:\Users\i852573\Documents\Colling\Facul\CG\TGA\Debug\glfw.pdb'; linking object as if no debug info
glfw3.lib(winmm_joystick.obj) : warning LNK4099: PDB 'glfw.pdb' was not found with 'glfw3.lib(winmm_joystick.obj)' or at 'C:\Users\i852573\Documents\Colling\Facul\CG\TGA\Debug\glfw.pdb'; linking object as if no debug info
glfw3.lib(wgl_context.obj) : warning LNK4099: PDB 'glfw.pdb' was not found with 'glfw3.lib(wgl_context.obj)' or at 'C:\Users\i852573\Documents\Colling\Facul\CG\TGA\Debug\glfw.pdb'; linking object as if no debug info
  TGA.vcxproj -> C:\Users\i852573\Documents\Colling\Facul\CG\TGA\Debug\TGA.exe
